<?xml version="1.0" encoding="UTF-8"?>
<!-- Generated by org.testng.reporters.JUnitReportReporter -->
<testsuite skipped="0" hostname="DESKTOP-DJ1PGS5" name="com.inetbanking.testCases.TC_LoginTest_001" tests="1" failures="0" timestamp="21 Oct 2020 11:01:45 GMT" time="1.243" errors="0">
  <testcase name="loginTest" time="1.243" classname="com.inetbanking.testCases.TC_LoginTest_001"/>
</testsuite> <!-- com.inetbanking.testCases.TC_LoginTest_001 -->
